Command line:
   SOPC_Core_tb_isim_beh.exe
     -simmode  gui
     -simrunnum  0
     -socket  51483

Mon Apr 16 15:16:00 2018


 Elaboration Time: 0.046875 sec

 Current Memory Usage: 1042.76 Meg

 Total Signals          : 490
 Total Nets             : 1375
 Total Signal Drivers   : 195
 Total Blocks           : 55
 Total Primitive Blocks : 41
 Total Processes        : 265
 Total Traceable Variables  : 862
 Total Scalar Nets and Variables : 115573
Total Line Count : 1597
Total Line Count : 1597

 Total Simulation Time: 18.5781 sec

 Current Memory Usage: 1042.76 Meg

Mon Apr 16 15:28:15 2018

