Command line:
   UART_RX_tb_isim_beh.exe
     -simmode  gui
     -simrunnum  0
     -socket  51515

Tue Apr 17 13:08:55 2018


 Elaboration Time: 0.03125 sec

 Current Memory Usage: 1037.91 Meg

 Total Signals          : 72
 Total Nets             : 101
 Total Signal Drivers   : 32
 Total Blocks           : 7
 Total Primitive Blocks : 4
 Total Processes        : 47
 Total Traceable Variables  : 47
 Total Scalar Nets and Variables : 1000305
Total Line Count : 111

 Total Simulation Time: 3.84375 sec

 Current Memory Usage: 880.62 Meg

Tue Apr 17 13:11:22 2018

