Command line:
   uart_tx_tb_isim_beh.exe
     -simmode  gui
     -simrunnum  0
     -socket  50310

Thu Apr 19 11:18:35 2018


 Elaboration Time: 0.03125 sec

 Current Memory Usage: 1038.84 Meg

 Total Signals          : 43
 Total Nets             : 73
 Total Signal Drivers   : 23
 Total Blocks           : 6
 Total Primitive Blocks : 4
 Total Processes        : 35
 Total Traceable Variables  : 38
 Total Scalar Nets and Variables : 350
Total Line Count : 89

 Total Simulation Time: 4.65625 sec

 Current Memory Usage: 881.553 Meg

Thu Apr 19 11:20:26 2018

