--------------------------------------------------------------------------------
Release 14.7 Trace  (nt64)
Copyright (c) 1995-2013 Xilinx, Inc.  All rights reserved.

C:\Xilinx\14.7\ISE_DS\ISE\bin\nt64\unwrapped\trce.exe -intstyle ise -v 3 -s 3
-n 3 -fastpaths -xml SOPC_Core.twx SOPC_Core.ncd -o SOPC_Core.twr SOPC_Core.pcf
-ucf Nexys3_master.ucf

Design file:              SOPC_Core.ncd
Physical constraint file: SOPC_Core.pcf
Device,package,speed:     xc6slx16,csg324,C,-3 (PRODUCTION 1.23 2013-10-13)
Report level:             verbose report

Environment Variable      Effect 
--------------------      ------ 
NONE                      No environment variables were set
--------------------------------------------------------------------------------

INFO:Timing:2698 - No timing constraints found, doing default enumeration.
INFO:Timing:3412 - To improve timing, see the Timing Closure User Guide (UG612).
INFO:Timing:2752 - To get complete path coverage, use the unconstrained paths 
   option. All paths that are not constrained will be reported in the 
   unconstrained paths section(s) of the report.
INFO:Timing:3339 - The clock-to-out numbers in this timing report are based on 
   a 50 Ohm transmission line loading model.  For the details of this model, 
   and for more information on accounting for different loading conditions, 
   please see the device datasheet.



Data Sheet report:
-----------------
All values displayed in nanoseconds (ns)

Setup/Hold to clock SYS_CLK
------------+------------+------------+------------+------------+------------------+--------+
            |Max Setup to|  Process   |Max Hold to |  Process   |                  | Clock  |
Source      | clk (edge) |   Corner   | clk (edge) |   Corner   |Internal Clock(s) | Phase  |
------------+------------+------------+------------+------------+------------------+--------+
SW_BAUD<0>  |    5.122(R)|      SLOW  |   -0.876(R)|      FAST  |SYS_CLK_BUFGP     |   0.000|
SW_BAUD<1>  |    5.370(R)|      SLOW  |   -0.595(R)|      SLOW  |SYS_CLK_BUFGP     |   0.000|
SW_BAUD<2>  |    5.218(R)|      SLOW  |   -0.693(R)|      SLOW  |SYS_CLK_BUFGP     |   0.000|
SW_BAUD<3>  |    5.911(R)|      SLOW  |   -0.987(R)|      FAST  |SYS_CLK_BUFGP     |   0.000|
SW_EIGHT    |    5.739(R)|      SLOW  |   -0.551(R)|      SLOW  |SYS_CLK_BUFGP     |   0.000|
SW_OHEL     |    1.698(R)|      SLOW  |   -0.262(R)|      SLOW  |SYS_CLK_BUFGP     |   0.000|
SW_PEN      |    5.325(R)|      SLOW  |   -0.587(R)|      SLOW  |SYS_CLK_BUFGP     |   0.000|
SYS_RST     |    0.514(R)|      FAST  |    0.489(R)|      SLOW  |SYS_CLK_BUFGP     |   0.000|
i_RX        |    2.327(R)|      SLOW  |   -0.610(R)|      SLOW  |SYS_CLK_BUFGP     |   0.000|
------------+------------+------------+------------+------------+------------------+--------+

Clock SYS_CLK to Pad
------------+-----------------+------------+-----------------+------------+------------------+--------+
            |Max (slowest) clk|  Process   |Min (fastest) clk|  Process   |                  | Clock  |
Destination |  (edge) to PAD  |   Corner   |  (edge) to PAD  |   Corner   |Internal Clock(s) | Phase  |
------------+-----------------+------------+-----------------+------------+------------------+--------+
o_LED<0>    |         8.770(R)|      SLOW  |         4.962(R)|      FAST  |SYS_CLK_BUFGP     |   0.000|
o_LED<1>    |         8.770(R)|      SLOW  |         4.962(R)|      FAST  |SYS_CLK_BUFGP     |   0.000|
o_LED<2>    |         8.398(R)|      SLOW  |         4.784(R)|      FAST  |SYS_CLK_BUFGP     |   0.000|
o_LED<3>    |         8.398(R)|      SLOW  |         4.784(R)|      FAST  |SYS_CLK_BUFGP     |   0.000|
o_LED<4>    |         8.104(R)|      SLOW  |         4.510(R)|      FAST  |SYS_CLK_BUFGP     |   0.000|
o_LED<5>    |         8.117(R)|      SLOW  |         4.516(R)|      FAST  |SYS_CLK_BUFGP     |   0.000|
o_LED<6>    |         7.930(R)|      SLOW  |         4.430(R)|      FAST  |SYS_CLK_BUFGP     |   0.000|
o_LED<7>    |         7.930(R)|      SLOW  |         4.430(R)|      FAST  |SYS_CLK_BUFGP     |   0.000|
o_TX        |         8.822(R)|      SLOW  |         4.963(R)|      FAST  |SYS_CLK_BUFGP     |   0.000|
------------+-----------------+------------+-----------------+------------+------------------+--------+

Clock to Setup on destination clock SYS_CLK
---------------+---------+---------+---------+---------+
               | Src:Rise| Src:Fall| Src:Rise| Src:Fall|
Source Clock   |Dest:Rise|Dest:Rise|Dest:Fall|Dest:Fall|
---------------+---------+---------+---------+---------+
SYS_CLK        |    9.843|         |         |         |
---------------+---------+---------+---------+---------+


Analysis completed Tue Apr 17 12:17:28 2018 
--------------------------------------------------------------------------------

Trace Settings:
-------------------------
Trace Settings 

Peak Memory Usage: 302 MB



