Release 14.7 - xst P.20131013 (nt64)
Copyright (c) 1995-2013 Xilinx, Inc.  All rights reserved.
--> Parameter TMPDIR set to xst/projnav.tmp


Total REAL time to Xst completion: 0.00 secs
Total CPU time to Xst completion: 0.09 secs
 
--> Parameter xsthdpdir set to xst


Total REAL time to Xst completion: 0.00 secs
Total CPU time to Xst completion: 0.10 secs
 
--> Reading design: SOPC_Core.prj

TABLE OF CONTENTS
  1) Synthesis Options Summary
  2) HDL Parsing
  3) HDL Elaboration
  4) HDL Synthesis
       4.1) HDL Synthesis Report
  5) Advanced HDL Synthesis
       5.1) Advanced HDL Synthesis Report
  6) Low Level Synthesis
  7) Partition Report
  8) Design Summary
       8.1) Primitive and Black Box Usage
       8.2) Device utilization summary
       8.3) Partition Resource Summary
       8.4) Timing Report
            8.4.1) Clock Information
            8.4.2) Asynchronous Control Signals Information
            8.4.3) Timing Summary
            8.4.4) Timing Details
            8.4.5) Cross Clock Domains Report


=========================================================================
*                      Synthesis Options Summary                        *
=========================================================================
---- Source Parameters
Input File Name                    : "SOPC_Core.prj"
Ignore Synthesis Constraint File   : NO

---- Target Parameters
Output File Name                   : "SOPC_Core"
Output Format                      : NGC
Target Device                      : xc6slx16-3-csg324

---- Source Options
Top Module Name                    : SOPC_Core
Automatic FSM Extraction           : YES
FSM Encoding Algorithm             : Auto
Safe Implementation                : No
FSM Style                          : LUT
RAM Extraction                     : Yes
RAM Style                          : Auto
ROM Extraction                     : Yes
Shift Register Extraction          : YES
ROM Style                          : Auto
Resource Sharing                   : YES
Asynchronous To Synchronous        : NO
Shift Register Minimum Size        : 2
Use DSP Block                      : Auto
Automatic Register Balancing       : No

---- Target Options
LUT Combining                      : Auto
Reduce Control Sets                : Auto
Add IO Buffers                     : YES
Global Maximum Fanout              : 100000
Add Generic Clock Buffer(BUFG)     : 16
Register Duplication               : YES
Optimize Instantiated Primitives   : NO
Use Clock Enable                   : Auto
Use Synchronous Set                : Auto
Use Synchronous Reset              : Auto
Pack IO Registers into IOBs        : Auto
Equivalent register Removal        : YES

---- General Options
Optimization Goal                  : Speed
Optimization Effort                : 1
Power Reduction                    : NO
Keep Hierarchy                     : No
Netlist Hierarchy                  : As_Optimized
RTL Output                         : Yes
Global Optimization                : AllClockNets
Read Cores                         : YES
Write Timing Constraints           : NO
Cross Clock Analysis               : NO
Hierarchy Separator                : /
Bus Delimiter                      : <>
Case Specifier                     : Maintain
Slice Utilization Ratio            : 100
BRAM Utilization Ratio             : 100
DSP48 Utilization Ratio            : 100
Auto BRAM Packing                  : NO
Slice Utilization Ratio Delta      : 5

---- Other Options
Cores Search Directories           : {"ipcore_dir"  }

=========================================================================


=========================================================================
*                          HDL Parsing                                  *
=========================================================================
Analyzing Verilog file "C:\Users\Chana\Desktop\CECS460\Project3_UART_RX\RX_SHIFT_REG.v" into library work
Parsing module <RX_SHIFT_REG>.
Analyzing Verilog file "C:\Users\Chana\Desktop\CECS460\Project3_UART_RX\RX_REMAP.v" into library work
Parsing module <RX_REMAP>.
Analyzing Verilog file "C:\Users\Chana\Desktop\CECS460\Project3_UART_RX\SHIFT_R_FUNC.v" into library work
Parsing module <SHIFT_R_FUNC>.
Analyzing Verilog file "C:\Users\Chana\Desktop\CECS460\Project3_UART_RX\SHIFT_R.v" into library work
Parsing module <SHIFT_R>.
Analyzing Verilog file "C:\Users\Chana\Desktop\CECS460\Project3_UART_RX\RX_DATAPATH.v" into library work
Parsing module <RX_DATAPATH>.
Analyzing Verilog file "C:\Users\Chana\Desktop\CECS460\Project3_UART_RX\RX_Control.v" into library work
Parsing module <RX_CONTROL>.
Analyzing Verilog file "C:\Users\Chana\Desktop\CECS460\Project3_UART_RX\RS_FLOP.v" into library work
Parsing module <RS_FLOP>.
Analyzing Verilog file "C:\Users\Chana\Desktop\CECS460\Project3_UART_RX\ipcore_dir\stack_ram.v" into library work
Parsing module <stack_ram>.
Analyzing Verilog file "C:\Users\Chana\Desktop\CECS460\Project3_UART_RX\ipcore_dir\scratch_ram.v" into library work
Parsing module <scratch_ram>.
Analyzing Verilog file "C:\Users\Chana\Desktop\CECS460\Project3_UART_RX\UART_TX.v" into library work
Parsing module <UART_TX>.
Analyzing Verilog file "C:\Users\Chana\Desktop\CECS460\Project3_UART_RX\UART_RX.v" into library work
Parsing module <UART_RX>.
Analyzing Verilog file "C:\Users\Chana\Desktop\CECS460\Project3_UART_RX\tramelblaze.v" into library work
Parsing module <tramelblaze>.
Analyzing Verilog file "C:\Users\Chana\Desktop\CECS460\Project3_UART_RX\PED.v" into library work
Parsing module <PED>.
Analyzing Verilog file "C:\Users\Chana\Desktop\CECS460\Project3_UART_RX\ipcore_dir\tb_rom.v" into library work
Parsing module <tb_rom>.
Analyzing Verilog file "C:\Users\Chana\Desktop\CECS460\Project3_UART_RX\BAUD_DEC.v" into library work
Parsing module <BAUD_DEC>.
Analyzing Verilog file "C:\Users\Chana\Desktop\CECS460\Project3_UART_RX\UART_TOP.v" into library work
Parsing module <UART_TOP>.
Analyzing Verilog file "C:\Users\Chana\Desktop\CECS460\Project3_UART_RX\tramelblaze_top.v" into library work
Parsing module <tramelblaze_top>.
Analyzing Verilog file "C:\Users\Chana\Desktop\CECS460\Project3_UART_RX\AISO_RST.v" into library work
Parsing module <AISO_RST>.
Analyzing Verilog file "C:\Users\Chana\Desktop\CECS460\Project3_UART_RX\ADDR_DECODER.v" into library work
Parsing module <ADDR_DECODER>.
Analyzing Verilog file "C:\Users\Chana\Desktop\CECS460\Project3_UART_RX\SOPC_Core.v" into library work
Parsing module <SOPC_Core>.

=========================================================================
*                            HDL Elaboration                            *
=========================================================================

Elaborating module <SOPC_Core>.

Elaborating module <UART_TOP>.

Elaborating module <UART_RX>.

Elaborating module <RX_CONTROL>.

Elaborating module <RX_DATAPATH>.

Elaborating module <RX_SHIFT_REG>.

Elaborating module <RX_REMAP>.
WARNING:HDLCompiler:413 - "C:\Users\Chana\Desktop\CECS460\Project3_UART_RX\RX_DATAPATH.v" Line 92: Result of 7-bit expression is truncated to fit in 1-bit target.

Elaborating module <UART_TX>.

Elaborating module <RS_FLOP>.

Elaborating module <SHIFT_R_FUNC>.

Elaborating module <SHIFT_R>.

Elaborating module <PED>.

Elaborating module <BAUD_DEC>.

Elaborating module <tramelblaze_top>.

Elaborating module <tramelblaze>.

Elaborating module <stack_ram>.
WARNING:HDLCompiler:1499 - "C:\Users\Chana\Desktop\CECS460\Project3_UART_RX\ipcore_dir\stack_ram.v" Line 39: Empty module <stack_ram> remains a black box.

Elaborating module <scratch_ram>.
WARNING:HDLCompiler:1499 - "C:\Users\Chana\Desktop\CECS460\Project3_UART_RX\ipcore_dir\scratch_ram.v" Line 39: Empty module <scratch_ram> remains a black box.

Elaborating module <tb_rom>.
WARNING:HDLCompiler:1499 - "C:\Users\Chana\Desktop\CECS460\Project3_UART_RX\ipcore_dir\tb_rom.v" Line 39: Empty module <tb_rom> remains a black box.

Elaborating module <ADDR_DECODER>.

Elaborating module <AISO_RST>.

=========================================================================
*                           HDL Synthesis                               *
=========================================================================

Synthesizing Unit <SOPC_Core>.
    Related source file is "C:\Users\Chana\Desktop\CECS460\Project3_UART_RX\SOPC_Core.v".
    Found 8-bit register for signal <o_LED>.
    Summary:
	inferred   8 D-type flip-flop(s).
Unit <SOPC_Core> synthesized.

Synthesizing Unit <UART_TOP>.
    Related source file is "C:\Users\Chana\Desktop\CECS460\Project3_UART_RX\UART_TOP.v".
    Summary:
	inferred   2 Multiplexer(s).
Unit <UART_TOP> synthesized.

Synthesizing Unit <UART_RX>.
    Related source file is "C:\Users\Chana\Desktop\CECS460\Project3_UART_RX\UART_RX.v".
    Summary:
	no macro.
Unit <UART_RX> synthesized.

Synthesizing Unit <RX_CONTROL>.
    Related source file is "C:\Users\Chana\Desktop\CECS460\Project3_UART_RX\RX_Control.v".
        IDLE = 2'b00
        START = 2'b01
        DOIT = 2'b10
    Found 1-bit register for signal <doit>.
    Found 1-bit register for signal <start>.
    Found 4-bit register for signal <bit_count>.
    Found 2-bit register for signal <state>.
    Found 19-bit register for signal <count>.
    Found 19-bit adder for signal <count[18]_GND_4_o_add_2_OUT> created at line 74.
    Found 4-bit adder for signal <bit_count[3]_GND_4_o_add_7_OUT> created at line 89.
    Found 1-bit 4-to-1 multiplexer for signal <n_doit> created at line 119.
    Found 1-bit 4-to-1 multiplexer for signal <n_start> created at line 119.
    Found 2-bit 4-to-1 multiplexer for signal <n_state> created at line 119.
    Found 19-bit comparator equal for signal <o_btu> created at line 68
    Found 4-bit comparator equal for signal <o_done> created at line 84
    Summary:
	inferred   2 Adder/Subtractor(s).
	inferred  27 D-type flip-flop(s).
	inferred   2 Comparator(s).
	inferred   8 Multiplexer(s).
Unit <RX_CONTROL> synthesized.

Synthesizing Unit <RX_DATAPATH>.
    Related source file is "C:\Users\Chana\Desktop\CECS460\Project3_UART_RX\RX_DATAPATH.v".
    Found 1-bit register for signal <o_perr>.
    Found 1-bit register for signal <o_ferr>.
    Found 1-bit register for signal <o_ovf>.
    Found 1-bit register for signal <o_rxrdy>.
    Found 1-bit 4-to-1 multiplexer for signal <w_stop_bit_sel_mux> created at line 101.
    Summary:
	inferred   4 D-type flip-flop(s).
	inferred   4 Multiplexer(s).
Unit <RX_DATAPATH> synthesized.

Synthesizing Unit <RX_SHIFT_REG>.
    Related source file is "C:\Users\Chana\Desktop\CECS460\Project3_UART_RX\RX_SHIFT_REG.v".
    Found 10-bit register for signal <SH_DATA>.
    Summary:
	inferred  10 D-type flip-flop(s).
Unit <RX_SHIFT_REG> synthesized.

Synthesizing Unit <RX_REMAP>.
    Related source file is "C:\Users\Chana\Desktop\CECS460\Project3_UART_RX\RX_REMAP.v".
    Found 10-bit 4-to-1 multiplexer for signal <o_data> created at line 52.
    Summary:
	inferred   1 Multiplexer(s).
Unit <RX_REMAP> synthesized.

Synthesizing Unit <UART_TX>.
    Related source file is "C:\Users\Chana\Desktop\CECS460\Project3_UART_RX\UART_TX.v".
    Found 1-bit register for signal <o_txrdy>.
    Found 1-bit register for signal <r_ld_d1>.
    Found 4-bit register for signal <bit_count>.
    Found 8-bit register for signal <r_byte>.
    Found 19-bit register for signal <count>.
    Found 19-bit adder for signal <count[18]_GND_8_o_add_1_OUT> created at line 85.
    Found 4-bit adder for signal <bit_count[3]_GND_8_o_add_6_OUT> created at line 99.
    Found 19-bit comparator equal for signal <w_btu> created at line 80
    Summary:
	inferred   2 Adder/Subtractor(s).
	inferred  33 D-type flip-flop(s).
	inferred   1 Comparator(s).
	inferred   3 Multiplexer(s).
Unit <UART_TX> synthesized.

Synthesizing Unit <RS_FLOP>.
    Related source file is "C:\Users\Chana\Desktop\CECS460\Project3_UART_RX\RS_FLOP.v".
    Found 1-bit register for signal <Q>.
    Summary:
	inferred   1 D-type flip-flop(s).
Unit <RS_FLOP> synthesized.

Synthesizing Unit <SHIFT_R_FUNC>.
    Related source file is "C:\Users\Chana\Desktop\CECS460\Project3_UART_RX\SHIFT_R_FUNC.v".
    Summary:
	inferred   6 Multiplexer(s).
Unit <SHIFT_R_FUNC> synthesized.

Synthesizing Unit <SHIFT_R>.
    Related source file is "C:\Users\Chana\Desktop\CECS460\Project3_UART_RX\SHIFT_R.v".
        ONES = 11'b11111111111
    Found 11-bit register for signal <SR>.
    Summary:
	inferred  11 D-type flip-flop(s).
	inferred   1 Multiplexer(s).
Unit <SHIFT_R> synthesized.

Synthesizing Unit <PED>.
    Related source file is "C:\Users\Chana\Desktop\CECS460\Project3_UART_RX\PED.v".
    Found 1-bit register for signal <q1>.
    Found 1-bit register for signal <q2>.
    Summary:
	inferred   2 D-type flip-flop(s).
Unit <PED> synthesized.

Synthesizing Unit <BAUD_DEC>.
    Related source file is "C:\Users\Chana\Desktop\CECS460\Project3_UART_RX\BAUD_DEC.v".
    Found 16x19-bit Read Only RAM for signal <K>
    Summary:
	inferred   1 RAM(s).
Unit <BAUD_DEC> synthesized.

Synthesizing Unit <tramelblaze_top>.
    Related source file is "C:\Users\Chana\Desktop\CECS460\Project3_UART_RX\tramelblaze_top.v".
    Summary:
	no macro.
Unit <tramelblaze_top> synthesized.

Synthesizing Unit <tramelblaze>.
    Related source file is "C:\Users\Chana\Desktop\CECS460\Project3_UART_RX\tramelblaze.v".
        INTERRUPT_ADDRESS = 16'b0000111111111110
        FETCH = 5'b00000
        DECODE = 5'b00001
        SECOND = 5'b00010
        THIRD = 5'b00011
        EXECUTE = 5'b00100
        ENDIT = 5'b00101
        ENDCALL = 5'b00110
        ENDRET = 5'b00111
        ENDRET2 = 5'b01000
        ENDRET3 = 5'b01001
        OUTPUT_XK_2 = 5'b01010
        OUTPUT_XY_2 = 5'b01011
        INPUT_XP_2 = 5'b01100
        INPUT_XY_2 = 5'b01101
        FETCH_XK_2 = 5'b01110
        FETCH_XY_2 = 5'b01111
        STORE_XK_2 = 5'b10000
        STORE_XY_2 = 5'b10001
        NOTHING = 5'b00000
        ADD = 5'b00001
        ADDC = 5'b00010
        AND = 5'b00011
        SUB = 5'b00100
        OR = 5'b00101
        RLX = 5'b00110
        RRX = 5'b00111
        SL0X = 5'b01000
        SL1X = 5'b01001
        SLAX = 5'b01010
        SLXX = 5'b01011
        SR0X = 5'b01100
        SR1X = 5'b01101
        SRAX = 5'b01110
        SRXX = 5'b01111
        XOR = 5'b10000
        SUBC = 5'b10001
        NOP = 7'b0000000
        ADD_XK = 7'b0000010
        ADD_XY = 7'b0000100
        ADDCY_XK = 7'b0000110
        ADDCY_XY = 7'b0001000
        AND_XK = 7'b0001010
        AND_XY = 7'b0001100
        CALL_AAA = 7'b0001110
        CALLC_AAA = 7'b0010000
        CALLNC_AAA = 7'b0010010
        CALLZ_AAA = 7'b0010100
        CALLNZ_AAA = 7'b0010110
        COMP_XK = 7'b0011000
        COMP_XY = 7'b0011010
        DISINT = 7'b0011100
        ENINT = 7'b0011110
        INPUT_XY = 7'b0100000
        INPUT_XP = 7'b0100010
        JUMP_AAA = 7'b0100100
        JUMPC_AAA = 7'b0100110
        JUMPNC_AAA = 7'b0101000
        JUMPZ_AAA = 7'b0101010
        JUMPNZ_AAA = 7'b0101100
        LOAD_XK = 7'b0101110
        LOAD_XY = 7'b0110000
        OR_XK = 7'b0110010
        OR_XY = 7'b0110100
        OUTPUT_XY = 7'b0110110
        OUTPUT_XK = 7'b0111000
        RETURN = 7'b0111010
        RETURN_C = 7'b0111100
        RETURN_NC = 7'b0111110
        RETURN_Z = 7'b1000000
        RETURN_NZ = 7'b1000010
        RETURN_DIS = 7'b1000100
        RETURN_EN = 7'b1000110
        RL_X = 7'b1001000
        RR_X = 7'b1001010
        SL0_X = 7'b1001100
        SL1_X = 7'b1001110
        SLA_X = 7'b1010000
        SLX_X = 7'b1010010
        SR0_X = 7'b1010100
        SR1_X = 7'b1010110
        SRA_X = 7'b1011000
        SRX_X = 7'b1011010
        SUB_XK = 7'b1011100
        SUB_XY = 7'b1011110
        SUBC_XK = 7'b1100000
        SUBC_XY = 7'b1100010
        TEST_XK = 7'b1100100
        TEST_XY = 7'b1100110
        XOR_XK = 7'b1101000
        XOR_XY = 7'b1101010
        FETCH_XK = 7'b1110000
        FETCH_XY = 7'b1110010
        STORE_XK = 7'b1110100
        STORE_XY = 7'b1110110
    Register <interruptackQ> equivalent to <ldflagPQ> has been removed
    Found 1-bit register for signal <ldpcQ>.
    Found 1-bit register for signal <ldirQ>.
    Found 1-bit register for signal <int_enable>.
    Found 1-bit register for signal <int_proc>.
    Found 1-bit register for signal <carryPQ>.
    Found 1-bit register for signal <zeroPQ>.
    Found 1-bit register for signal <carryQ>.
    Found 1-bit register for signal <zeroQ>.
    Found 1-bit register for signal <ldflagQ>.
    Found 1-bit register for signal <ldflagPQ>.
    Found 1-bit register for signal <loadKQ>.
    Found 1-bit register for signal <wtrfQ>.
    Found 1-bit register for signal <wtsrQ>.
    Found 1-bit register for signal <sel_alubQ>.
    Found 1-bit register for signal <pushQ>.
    Found 1-bit register for signal <popQ>.
    Found 1-bit register for signal <enintQ>.
    Found 1-bit register for signal <disintQ>.
    Found 1-bit register for signal <sel_portidQ>.
    Found 1-bit register for signal <enableportidQ>.
    Found 1-bit register for signal <enableinportQ>.
    Found 1-bit register for signal <enableoutportQ>.
    Found 1-bit register for signal <readstrobeQ>.
    Found 1-bit register for signal <writestrobeQ>.
    Found 7-bit register for signal <stackPointQ>.
    Found 16-bit register for signal <inst_reg>.
    Found 16-bit register for signal <const_reg>.
    Found 16-bit register for signal <pc>.
    Found 256-bit register for signal <n0250[255:0]>.
    Found 17-bit register for signal <alu_out_reg>.
    Found 4-bit register for signal <stateQ>.
    Found 2-bit register for signal <sel_pcQ>.
    Found 3-bit register for signal <sel_rfwQ>.
    Found 3-bit register for signal <flag_selQ>.
    Found 5-bit register for signal <alu_opQ>.
    Found finite state machine <FSM_0> for signal <stateQ>.
    -----------------------------------------------------------------------
    | States             | 16                                             |
    | Transitions        | 59                                             |
    | Inputs             | 11                                             |
    | Outputs            | 13                                             |
    | Clock              | CLK (rising_edge)                              |
    | Reset              | RESET (positive)                               |
    | Reset type         | asynchronous                                   |
    | Reset State        | 0000                                           |
    | Encoding           | auto                                           |
    | Implementation     | LUT                                            |
    -----------------------------------------------------------------------
    Found 16-bit subtractor for signal <pc_min1> created at line 209.
    Found 7-bit subtractor for signal <stackPointQ[6]_GND_17_o_sub_10_OUT> created at line 213.
    Found 17-bit subtractor for signal <GND_17_o_GND_17_o_sub_66_OUT> created at line 345.
    Found 17-bit subtractor for signal <GND_17_o_GND_17_o_sub_67_OUT> created at line 345.
    Found 16-bit adder for signal <pc[15]_GND_17_o_add_3_OUT> created at line 193.
    Found 7-bit adder for signal <stackAdrs[6]_GND_17_o_add_11_OUT> created at line 214.
    Found 17-bit adder for signal <n0394> created at line 343.
    Found 17-bit adder for signal <BUS_0004_GND_17_o_add_63_OUT> created at line 343.
    Found 64x8-bit Read Only RAM for signal <_n2784>
    Found 16-bit 4-to-1 multiplexer for signal <address_mux> created at line 192.
    Found 16-bit 16-to-1 multiplexer for signal <regA> created at line 263.
    Found 16-bit 16-to-1 multiplexer for signal <regB> created at line 264.
    Found 16-bit 7-to-1 multiplexer for signal <rf_wdata> created at line 267.
    Found 17-bit 21-to-1 multiplexer for signal <alu_out> created at line 340.
    Found 1-bit 8-to-1 multiplexer for signal <_n2631> created at line 507.
    Summary:
	inferred   1 RAM(s).
	inferred   8 Adder/Subtractor(s).
	inferred 365 D-type flip-flop(s).
	inferred  80 Multiplexer(s).
	inferred   1 Finite State Machine(s).
Unit <tramelblaze> synthesized.

Synthesizing Unit <ADDR_DECODER>.
    Related source file is "C:\Users\Chana\Desktop\CECS460\Project3_UART_RX\ADDR_DECODER.v".
    Found 16-bit comparator lessequal for signal <n0000> created at line 48
    Summary:
	inferred   1 Comparator(s).
	inferred  32 Multiplexer(s).
Unit <ADDR_DECODER> synthesized.

Synthesizing Unit <AISO_RST>.
    Related source file is "C:\Users\Chana\Desktop\CECS460\Project3_UART_RX\AISO_RST.v".
    Found 1-bit register for signal <q1>.
    Found 1-bit register for signal <q2>.
    Summary:
	inferred   2 D-type flip-flop(s).
Unit <AISO_RST> synthesized.

=========================================================================
HDL Synthesis Report

Macro Statistics
# RAMs                                                 : 2
 16x19-bit single-port Read Only RAM                   : 1
 64x8-bit single-port Read Only RAM                    : 1
# Adders/Subtractors                                   : 12
 16-bit adder                                          : 1
 16-bit subtractor                                     : 1
 17-bit adder                                          : 2
 17-bit subtractor                                     : 2
 19-bit adder                                          : 2
 4-bit adder                                           : 2
 7-bit adder                                           : 1
 7-bit subtractor                                      : 1
# Registers                                            : 59
 1-bit register                                        : 40
 10-bit register                                       : 1
 11-bit register                                       : 1
 16-bit register                                       : 3
 17-bit register                                       : 1
 19-bit register                                       : 2
 2-bit register                                        : 2
 256-bit register                                      : 1
 3-bit register                                        : 2
 4-bit register                                        : 2
 5-bit register                                        : 1
 7-bit register                                        : 1
 8-bit register                                        : 2
# Comparators                                          : 4
 16-bit comparator lessequal                           : 1
 19-bit comparator equal                               : 2
 4-bit comparator equal                                : 1
# Multiplexers                                         : 137
 1-bit 2-to-1 multiplexer                              : 73
 1-bit 4-to-1 multiplexer                              : 3
 1-bit 8-to-1 multiplexer                              : 1
 10-bit 4-to-1 multiplexer                             : 1
 11-bit 2-to-1 multiplexer                             : 1
 16-bit 16-to-1 multiplexer                            : 2
 16-bit 2-to-1 multiplexer                             : 19
 16-bit 4-to-1 multiplexer                             : 1
 16-bit 7-to-1 multiplexer                             : 1
 17-bit 21-to-1 multiplexer                            : 1
 19-bit 2-to-1 multiplexer                             : 5
 2-bit 2-to-1 multiplexer                              : 12
 2-bit 4-to-1 multiplexer                              : 1
 3-bit 2-to-1 multiplexer                              : 6
 4-bit 2-to-1 multiplexer                              : 3
 5-bit 2-to-1 multiplexer                              : 2
 7-bit 2-to-1 multiplexer                              : 3
 8-bit 2-to-1 multiplexer                              : 2
# FSMs                                                 : 1
# Xors                                                 : 8
 1-bit xor16                                           : 1
 1-bit xor2                                            : 1
 1-bit xor7                                            : 2
 1-bit xor8                                            : 2
 17-bit xor2                                           : 1
 7-bit xor2                                            : 1

=========================================================================
INFO:Xst:1767 - HDL ADVISOR - Resource sharing has identified that some arithmetic operations in this design can share the same physical resources for reduced device utilization. For improved clock frequency you may try to disable resource sharing.

=========================================================================
*                       Advanced HDL Synthesis                          *
=========================================================================

Reading core <ipcore_dir/tb_rom.ngc>.
Reading core <ipcore_dir/stack_ram.ngc>.
Reading core <ipcore_dir/scratch_ram.ngc>.
Loading core <tb_rom> for timing and area information for instance <your_instance_name>.
Loading core <stack_ram> for timing and area information for instance <stkr>.
Loading core <scratch_ram> for timing and area information for instance <sr>.

Synthesizing (advanced) Unit <BAUD_DEC>.
INFO:Xst:3218 - HDL ADVISOR - The RAM <Mram_K> will be implemented on LUTs either because you have described an asynchronous read or because of currently unsupported block RAM features. If you have described an asynchronous read, making it synchronous would allow you to take advantage of available block RAM resources, for optimized device usage and improved timings. Please refer to your documentation for coding guidelines.
    -----------------------------------------------------------------------
    | ram_type           | Distributed                         |          |
    -----------------------------------------------------------------------
    | Port A                                                              |
    |     aspect ratio   | 16-word x 19-bit                    |          |
    |     weA            | connected to signal <GND>           | high     |
    |     addrA          | connected to signal <BAUD_VAL>      |          |
    |     diA            | connected to signal <GND>           |          |
    |     doA            | connected to signal <K>             |          |
    -----------------------------------------------------------------------
Unit <BAUD_DEC> synthesized (advanced).

Synthesizing (advanced) Unit <RX_CONTROL>.
The following registers are absorbed into counter <bit_count>: 1 register on signal <bit_count>.
Unit <RX_CONTROL> synthesized (advanced).

Synthesizing (advanced) Unit <UART_TX>.
The following registers are absorbed into counter <bit_count>: 1 register on signal <bit_count>.
Unit <UART_TX> synthesized (advanced).

Synthesizing (advanced) Unit <tramelblaze>.
INFO:Xst:3218 - HDL ADVISOR - The RAM <Mram__n2784> will be implemented on LUTs either because you have described an asynchronous read or because of currently unsupported block RAM features. If you have described an asynchronous read, making it synchronous would allow you to take advantage of available block RAM resources, for optimized device usage and improved timings. Please refer to your documentation for coding guidelines.
    -----------------------------------------------------------------------
    | ram_type           | Distributed                         |          |
    -----------------------------------------------------------------------
    | Port A                                                              |
    |     aspect ratio   | 64-word x 8-bit                     |          |
    |     weA            | connected to signal <GND>           | high     |
    |     addrA          | connected to signal <(inst_reg<14:13>,inst_reg<11:12>,inst_reg<10:9>)> |          |
    |     diA            | connected to signal <GND>           |          |
    |     doA            | connected to internal node          |          |
    -----------------------------------------------------------------------
Unit <tramelblaze> synthesized (advanced).

=========================================================================
Advanced HDL Synthesis Report

Macro Statistics
# RAMs                                                 : 2
 16x19-bit single-port distributed Read Only RAM       : 1
 64x8-bit single-port distributed Read Only RAM        : 1
# Adders/Subtractors                                   : 10
 16-bit adder                                          : 1
 16-bit subtractor                                     : 1
 17-bit adder                                          : 2
 17-bit subtractor                                     : 2
 19-bit adder                                          : 2
 7-bit adder                                           : 1
 7-bit subtractor                                      : 1
# Counters                                             : 2
 4-bit up counter                                      : 2
# Registers                                            : 458
 Flip-Flops                                            : 458
# Comparators                                          : 4
 16-bit comparator lessequal                           : 1
 19-bit comparator equal                               : 2
 4-bit comparator equal                                : 1
# Multiplexers                                         : 135
 1-bit 2-to-1 multiplexer                              : 73
 1-bit 4-to-1 multiplexer                              : 3
 1-bit 8-to-1 multiplexer                              : 1
 10-bit 4-to-1 multiplexer                             : 1
 11-bit 2-to-1 multiplexer                             : 1
 16-bit 16-to-1 multiplexer                            : 2
 16-bit 2-to-1 multiplexer                             : 19
 16-bit 4-to-1 multiplexer                             : 1
 16-bit 7-to-1 multiplexer                             : 1
 17-bit 21-to-1 multiplexer                            : 1
 19-bit 2-to-1 multiplexer                             : 5
 2-bit 2-to-1 multiplexer                              : 12
 2-bit 4-to-1 multiplexer                              : 1
 3-bit 2-to-1 multiplexer                              : 6
 4-bit 2-to-1 multiplexer                              : 1
 5-bit 2-to-1 multiplexer                              : 2
 7-bit 2-to-1 multiplexer                              : 3
 8-bit 2-to-1 multiplexer                              : 2
# FSMs                                                 : 1
# Xors                                                 : 8
 1-bit xor16                                           : 1
 1-bit xor2                                            : 1
 1-bit xor7                                            : 2
 1-bit xor8                                            : 2
 17-bit xor2                                           : 1
 7-bit xor2                                            : 1

=========================================================================

=========================================================================
*                         Low Level Synthesis                           *
=========================================================================
Analyzing FSM <MFsm> for best encoding.
Optimizing FSM <tb_top/tramelblaze/FSM_0> on signal <stateQ[1:4]> with user encoding.
-------------------
 State | Encoding
-------------------
 0000  | 0000
 0001  | 0001
 1000  | 1000
 0100  | 0100
 0010  | 0010
 0011  | 0011
 0101  | 0101
 0110  | 0110
 1101  | 1101
 1100  | 1100
 1011  | 1011
 1010  | 1010
 0111  | 0111
 1110  | 1110
 1111  | 1111
 1001  | 1001
-------------------
INFO:Xst:2261 - The FF/Latch <state_0> in Unit <RX_CONTROL> is equivalent to the following FF/Latch, which will be removed : <start> 

Optimizing unit <RX_SHIFT_REG> ...

Optimizing unit <SOPC_Core> ...

Optimizing unit <UART_TOP> ...

Optimizing unit <UART_TX> ...

Optimizing unit <SHIFT_R> ...

Optimizing unit <RX_CONTROL> ...

Optimizing unit <RX_DATAPATH> ...

Optimizing unit <tramelblaze> ...

Optimizing unit <ADDR_DECODER> ...

Mapping all equations...
Building and optimizing final netlist ...
Found area constraint ratio of 100 (+ 5) on block SOPC_Core, actual ratio is 16.
FlipFlop tb_top/tramelblaze/inst_reg_0 has been replicated 4 time(s)
FlipFlop tb_top/tramelblaze/inst_reg_1 has been replicated 4 time(s)
FlipFlop tb_top/tramelblaze/inst_reg_2 has been replicated 3 time(s)
FlipFlop tb_top/tramelblaze/inst_reg_3 has been replicated 2 time(s)
FlipFlop tb_top/tramelblaze/inst_reg_4 has been replicated 3 time(s)
FlipFlop tb_top/tramelblaze/inst_reg_5 has been replicated 3 time(s)
FlipFlop tb_top/tramelblaze/inst_reg_6 has been replicated 1 time(s)

Final Macro Processing ...

=========================================================================
Final Register Report

Macro Statistics
# Registers                                            : 489
 Flip-Flops                                            : 489

=========================================================================

=========================================================================
*                           Partition Report                            *
=========================================================================

Partition Implementation Status
-------------------------------

  No Partitions were found in this design.

-------------------------------

=========================================================================
*                            Design Summary                             *
=========================================================================

Top Level Output File Name         : SOPC_Core.ngc

Primitive and Black Box Usage:
------------------------------
# BELS                             : 1501
#      GND                         : 4
#      INV                         : 37
#      LUT1                        : 68
#      LUT2                        : 51
#      LUT3                        : 105
#      LUT4                        : 102
#      LUT5                        : 131
#      LUT6                        : 617
#      MUXCY                       : 146
#      MUXF7                       : 67
#      MUXF8                       : 32
#      VCC                         : 4
#      XORCY                       : 137
# FlipFlops/Latches                : 489
#      FDC                         : 98
#      FDCE                        : 377
#      FDP                         : 2
#      FDPE                        : 12
# RAMS                             : 6
#      RAMB16BWER                  : 4
#      RAMB8BWER                   : 2
# Clock Buffers                    : 1
#      BUFGP                       : 1
# IO Buffers                       : 18
#      IBUF                        : 9
#      OBUF                        : 9

Device utilization summary:
---------------------------

Selected Device : 6slx16csg324-3 


Slice Logic Utilization: 
 Number of Slice Registers:             489  out of  18224     2%  
 Number of Slice LUTs:                 1111  out of   9112    12%  
    Number used as Logic:              1111  out of   9112    12%  

Slice Logic Distribution: 
 Number of LUT Flip Flop pairs used:   1169
   Number with an unused Flip Flop:     680  out of   1169    58%  
   Number with an unused LUT:            58  out of   1169     4%  
   Number of fully used LUT-FF pairs:   431  out of   1169    36%  
   Number of unique control sets:        24

IO Utilization: 
 Number of IOs:                          19
 Number of bonded IOBs:                  19  out of    232     8%  

Specific Feature Utilization:
 Number of Block RAM/FIFO:                5  out of     32    15%  
    Number using Block RAM only:          5
 Number of BUFG/BUFGCTRLs:                1  out of     16     6%  

---------------------------
Partition Resource Summary:
---------------------------

  No Partitions were found in this design.

---------------------------


=========================================================================
Timing Report

NOTE: THESE TIMING NUMBERS ARE ONLY A SYNTHESIS ESTIMATE.
      FOR ACCURATE TIMING INFORMATION PLEASE REFER TO THE TRACE REPORT
      GENERATED AFTER PLACE-and-ROUTE.

Clock Information:
------------------
-----------------------------------+----------------------------------------------------------------------------------------------------------------------------------------------------+-------+
Clock Signal                       | Clock buffer(FF name)                                                                                                                              | Load  |
-----------------------------------+----------------------------------------------------------------------------------------------------------------------------------------------------+-------+
SYS_CLK                            | BUFGP                                                                                                                                              | 495   |
tb_top/your_instance_name/N1       | NONE(tb_top/your_instance_name/U0/xst_blk_mem_generator/gnativebmg.native_blk_mem_gen/valid.cstr/ramloop[0].ram.r/s6_init.ram/SP.SIMPLE_PRIM18.ram)| 4     |
tb_top/tramelblaze/sr/N1           | NONE(tb_top/tramelblaze/sr/U0/xst_blk_mem_generator/gnativebmg.native_blk_mem_gen/valid.cstr/ramloop[0].ram.r/s6_noinit.ram/SP.SIMPLE_PRIM9.ram)   | 1     |
-----------------------------------+----------------------------------------------------------------------------------------------------------------------------------------------------+-------+
INFO:Xst:2169 - HDL ADVISOR - Some clock signals were not automatically buffered by XST with BUFG/BUFR resources. Please use the buffer_type constraint in order to insert these buffers to the clock signals to help prevent skew problems.

Asynchronous Control Signals Information:
----------------------------------------
No asynchronous control signals found in this design

Timing Summary:
---------------
Speed Grade: -3

   Minimum period: 8.861ns (Maximum Frequency: 112.854MHz)
   Minimum input arrival time before clock: 7.350ns
   Maximum output required time after clock: 3.597ns
   Maximum combinational path delay: No path found

Timing Details:
---------------
All values displayed in nanoseconds (ns)

=========================================================================
Timing constraint: Default period analysis for Clock 'SYS_CLK'
  Clock period: 8.861ns (frequency: 112.854MHz)
  Total number of paths / destination ports: 3226074 / 1472
-------------------------------------------------------------------------
Delay:               8.861ns (Levels of Logic = 26)
  Source:            tb_top/tramelblaze/inst_reg_4_1 (FF)
  Destination:       tb_top/tramelblaze/regfile_15_255 (FF)
  Source Clock:      SYS_CLK rising
  Destination Clock: SYS_CLK rising

  Data Path: tb_top/tramelblaze/inst_reg_4_1 to tb_top/tramelblaze/regfile_15_255
                                Gate     Net
    Cell:in->out      fanout   Delay   Delay  Logical Name (Net Name)
    ----------------------------------------  ------------
     FDCE:C->Q            17   0.447   1.132  tb_top/tramelblaze/inst_reg_4_1 (tb_top/tramelblaze/inst_reg_4_1)
     LUT6:I4->O            1   0.203   0.000  tb_top/tramelblaze/Mmux_regB_4 (tb_top/tramelblaze/Mmux_regB_4)
     MUXF7:I1->O           1   0.140   0.000  tb_top/tramelblaze/Mmux_regB_3_f7 (tb_top/tramelblaze/Mmux_regB_3_f7)
     MUXF8:I1->O           9   0.152   0.934  tb_top/tramelblaze/Mmux_regB_2_f8 (tb_top/tramelblaze/regB<0>)
     LUT4:I2->O            1   0.203   0.000  tb_top/tramelblaze/Madd_n0394_lut<0> (tb_top/tramelblaze/Madd_n0394_lut<0>)
     MUXCY:S->O            1   0.172   0.000  tb_top/tramelblaze/Madd_n0394_cy<0> (tb_top/tramelblaze/Madd_n0394_cy<0>)
     MUXCY:CI->O           1   0.019   0.000  tb_top/tramelblaze/Madd_n0394_cy<1> (tb_top/tramelblaze/Madd_n0394_cy<1>)
     MUXCY:CI->O           1   0.019   0.000  tb_top/tramelblaze/Madd_n0394_cy<2> (tb_top/tramelblaze/Madd_n0394_cy<2>)
     MUXCY:CI->O           1   0.019   0.000  tb_top/tramelblaze/Madd_n0394_cy<3> (tb_top/tramelblaze/Madd_n0394_cy<3>)
     MUXCY:CI->O           1   0.019   0.000  tb_top/tramelblaze/Madd_n0394_cy<4> (tb_top/tramelblaze/Madd_n0394_cy<4>)
     MUXCY:CI->O           1   0.019   0.000  tb_top/tramelblaze/Madd_n0394_cy<5> (tb_top/tramelblaze/Madd_n0394_cy<5>)
     MUXCY:CI->O           1   0.019   0.000  tb_top/tramelblaze/Madd_n0394_cy<6> (tb_top/tramelblaze/Madd_n0394_cy<6>)
     MUXCY:CI->O           1   0.019   0.000  tb_top/tramelblaze/Madd_n0394_cy<7> (tb_top/tramelblaze/Madd_n0394_cy<7>)
     MUXCY:CI->O           1   0.019   0.000  tb_top/tramelblaze/Madd_n0394_cy<8> (tb_top/tramelblaze/Madd_n0394_cy<8>)
     MUXCY:CI->O           1   0.019   0.000  tb_top/tramelblaze/Madd_n0394_cy<9> (tb_top/tramelblaze/Madd_n0394_cy<9>)
     MUXCY:CI->O           1   0.019   0.000  tb_top/tramelblaze/Madd_n0394_cy<10> (tb_top/tramelblaze/Madd_n0394_cy<10>)
     MUXCY:CI->O           1   0.019   0.000  tb_top/tramelblaze/Madd_n0394_cy<11> (tb_top/tramelblaze/Madd_n0394_cy<11>)
     MUXCY:CI->O           1   0.019   0.000  tb_top/tramelblaze/Madd_n0394_cy<12> (tb_top/tramelblaze/Madd_n0394_cy<12>)
     MUXCY:CI->O           1   0.019   0.000  tb_top/tramelblaze/Madd_n0394_cy<13> (tb_top/tramelblaze/Madd_n0394_cy<13>)
     XORCY:CI->O           2   0.180   0.617  tb_top/tramelblaze/Madd_n0394_xor<14> (tb_top/tramelblaze/n0394<14>)
     LUT1:I0->O            1   0.205   0.000  tb_top/tramelblaze/Madd_BUS_0004_GND_17_o_add_63_OUT_cy<14>_rt (tb_top/tramelblaze/Madd_BUS_0004_GND_17_o_add_63_OUT_cy<14>_rt)
     MUXCY:S->O            1   0.172   0.000  tb_top/tramelblaze/Madd_BUS_0004_GND_17_o_add_63_OUT_cy<14> (tb_top/tramelblaze/Madd_BUS_0004_GND_17_o_add_63_OUT_cy<14>)
     XORCY:CI->O           1   0.180   0.684  tb_top/tramelblaze/Madd_BUS_0004_GND_17_o_add_63_OUT_xor<15> (tb_top/tramelblaze/BUS_0004_GND_17_o_add_63_OUT<15>)
     LUT6:I4->O            2   0.203   0.617  tb_top/tramelblaze/Mmux_alu_out167 (tb_top/tramelblaze/Mmux_alu_out166)
     LUT6:I5->O            3   0.205   0.651  tb_top/tramelblaze/Mmux_alu_out169 (tb_top/tramelblaze/alu_out<15>)
     LUT6:I5->O           16   0.205   1.005  tb_top/tramelblaze/sel_rfwQ<2>14 (tb_top/tramelblaze/sel_rfwQ<2>_mmx_out8)
     LUT6:I5->O            1   0.205   0.000  tb_top/tramelblaze/Mmux_regfile[15][15]_rf_wdata[15]_mux_26_OUT71 (tb_top/tramelblaze/regfile[15][15]_rf_wdata[15]_mux_26_OUT<15>)
     FDCE:D                    0.102          tb_top/tramelblaze/regfile_15_15
    ----------------------------------------
    Total                      8.861ns (3.221ns logic, 5.640ns route)
                                       (36.4% logic, 63.6% route)

=========================================================================
Timing constraint: Default OFFSET IN BEFORE for Clock 'SYS_CLK'
  Total number of paths / destination ports: 5254 / 207
-------------------------------------------------------------------------
Offset:              7.350ns (Levels of Logic = 11)
  Source:            SW_BAUD<2> (PAD)
  Destination:       UART_inst/uart_RX_inst/rx_dp_inst/rx_shift_reg_inst/SH_DATA_9 (FF)
  Destination Clock: SYS_CLK rising

  Data Path: SW_BAUD<2> to UART_inst/uart_RX_inst/rx_dp_inst/rx_shift_reg_inst/SH_DATA_9
                                Gate     Net
    Cell:in->out      fanout   Delay   Delay  Logical Name (Net Name)
    ----------------------------------------  ------------
     IBUF:I->O            35   1.222   1.679  SW_BAUD_2_IBUF (SW_BAUD_2_IBUF)
     LUT5:I0->O            1   0.203   0.924  UART_inst/uart_RX_inst/rx_ctrl_inst/Mmux_k110 (UART_inst/uart_RX_inst/rx_ctrl_inst/k<0>)
     LUT6:I1->O            1   0.203   0.000  UART_inst/uart_RX_inst/rx_ctrl_inst/Mcompar_o_btu_lut<0> (UART_inst/uart_RX_inst/rx_ctrl_inst/Mcompar_o_btu_lut<0>)
     MUXCY:S->O            1   0.172   0.000  UART_inst/uart_RX_inst/rx_ctrl_inst/Mcompar_o_btu_cy<0> (UART_inst/uart_RX_inst/rx_ctrl_inst/Mcompar_o_btu_cy<0>)
     MUXCY:CI->O           1   0.019   0.000  UART_inst/uart_RX_inst/rx_ctrl_inst/Mcompar_o_btu_cy<1> (UART_inst/uart_RX_inst/rx_ctrl_inst/Mcompar_o_btu_cy<1>)
     MUXCY:CI->O           1   0.019   0.000  UART_inst/uart_RX_inst/rx_ctrl_inst/Mcompar_o_btu_cy<2> (UART_inst/uart_RX_inst/rx_ctrl_inst/Mcompar_o_btu_cy<2>)
     MUXCY:CI->O           1   0.019   0.000  UART_inst/uart_RX_inst/rx_ctrl_inst/Mcompar_o_btu_cy<3> (UART_inst/uart_RX_inst/rx_ctrl_inst/Mcompar_o_btu_cy<3>)
     MUXCY:CI->O           1   0.019   0.000  UART_inst/uart_RX_inst/rx_ctrl_inst/Mcompar_o_btu_cy<4> (UART_inst/uart_RX_inst/rx_ctrl_inst/Mcompar_o_btu_cy<4>)
     MUXCY:CI->O           1   0.019   0.000  UART_inst/uart_RX_inst/rx_ctrl_inst/Mcompar_o_btu_cy<5> (UART_inst/uart_RX_inst/rx_ctrl_inst/Mcompar_o_btu_cy<5>)
     MUXCY:CI->O          23   0.213   1.258  UART_inst/uart_RX_inst/rx_ctrl_inst/Mcompar_o_btu_cy<6> (UART_inst/uart_RX_inst/w_btu)
     LUT2:I0->O           10   0.203   0.856  UART_inst/uart_RX_inst/rx_dp_inst/w_shift1 (UART_inst/uart_RX_inst/rx_dp_inst/w_shift)
     FDCE:CE                   0.322          UART_inst/uart_RX_inst/rx_dp_inst/rx_shift_reg_inst/SH_DATA_0
    ----------------------------------------
    Total                      7.350ns (2.633ns logic, 4.717ns route)
                                       (35.8% logic, 64.2% route)

=========================================================================
Timing constraint: Default OFFSET OUT AFTER for Clock 'SYS_CLK'
  Total number of paths / destination ports: 9 / 9
-------------------------------------------------------------------------
Offset:              3.597ns (Levels of Logic = 1)
  Source:            o_LED_7 (FF)
  Destination:       o_LED<7> (PAD)
  Source Clock:      SYS_CLK rising

  Data Path: o_LED_7 to o_LED<7>
                                Gate     Net
    Cell:in->out      fanout   Delay   Delay  Logical Name (Net Name)
    ----------------------------------------  ------------
     FDCE:C->Q             1   0.447   0.579  o_LED_7 (o_LED_7)
     OBUF:I->O                 2.571          o_LED_7_OBUF (o_LED<7>)
    ----------------------------------------
    Total                      3.597ns (3.018ns logic, 0.579ns route)
                                       (83.9% logic, 16.1% route)

=========================================================================

Cross Clock Domains Report:
--------------------------

Clock to Setup on destination clock SYS_CLK
---------------+---------+---------+---------+---------+
               | Src:Rise| Src:Fall| Src:Rise| Src:Fall|
Source Clock   |Dest:Rise|Dest:Rise|Dest:Fall|Dest:Fall|
---------------+---------+---------+---------+---------+
SYS_CLK        |    8.861|         |         |         |
---------------+---------+---------+---------+---------+

=========================================================================


Total REAL time to Xst completion: 11.00 secs
Total CPU time to Xst completion: 10.53 secs
 
--> 

Total memory usage is 350256 kilobytes

Number of errors   :    0 (   0 filtered)
Number of warnings :    4 (   0 filtered)
Number of infos    :    5 (   0 filtered)

