--------------------------------------------------------------------------------
Release 14.7 Trace  (nt64)
Copyright (c) 1995-2013 Xilinx, Inc.  All rights reserved.

C:\Xilinx\14.7\ISE_DS\ISE\bin\nt64\unwrapped\trce.exe -intstyle ise -v 3 -s 3
-n 3 -fastpaths -xml SOPC_Core.twx SOPC_Core.ncd -o SOPC_Core.twr SOPC_Core.pcf
-ucf Nexys3_master.ucf

Design file:              SOPC_Core.ncd
Physical constraint file: SOPC_Core.pcf
Device,package,speed:     xc6slx16,csg324,C,-3 (PRODUCTION 1.23 2013-10-13)
Report level:             verbose report

Environment Variable      Effect 
--------------------      ------ 
NONE                      No environment variables were set
--------------------------------------------------------------------------------

INFO:Timing:2698 - No timing constraints found, doing default enumeration.
INFO:Timing:3412 - To improve timing, see the Timing Closure User Guide (UG612).
INFO:Timing:2752 - To get complete path coverage, use the unconstrained paths 
   option. All paths that are not constrained will be reported in the 
   unconstrained paths section(s) of the report.
INFO:Timing:3339 - The clock-to-out numbers in this timing report are based on 
   a 50 Ohm transmission line loading model.  For the details of this model, 
   and for more information on accounting for different loading conditions, 
   please see the device datasheet.



Data Sheet report:
-----------------
All values displayed in nanoseconds (ns)

Setup/Hold to clock SYS_CLK
------------+------------+------------+------------+------------+------------------+--------+
            |Max Setup to|  Process   |Max Hold to |  Process   |                  | Clock  |
Source      | clk (edge) |   Corner   | clk (edge) |   Corner   |Internal Clock(s) | Phase  |
------------+------------+------------+------------+------------+------------------+--------+
SW_BAUD<0>  |    5.278(R)|      SLOW  |   -0.731(R)|      SLOW  |SYS_CLK_BUFGP     |   0.000|
SW_BAUD<1>  |    5.161(R)|      SLOW  |   -0.595(R)|      SLOW  |SYS_CLK_BUFGP     |   0.000|
SW_BAUD<2>  |    4.786(R)|      SLOW  |   -0.751(R)|      FAST  |SYS_CLK_BUFGP     |   0.000|
SW_BAUD<3>  |    5.344(R)|      SLOW  |   -0.919(R)|      FAST  |SYS_CLK_BUFGP     |   0.000|
SW_EIGHT    |    5.854(R)|      SLOW  |   -0.576(R)|      SLOW  |SYS_CLK_BUFGP     |   0.000|
SW_OHEL     |    1.765(R)|      SLOW  |   -0.526(R)|      SLOW  |SYS_CLK_BUFGP     |   0.000|
SW_PEN      |    5.572(R)|      SLOW  |   -0.562(R)|      SLOW  |SYS_CLK_BUFGP     |   0.000|
SYS_RST     |    0.514(R)|      FAST  |    0.489(R)|      SLOW  |SYS_CLK_BUFGP     |   0.000|
i_RX        |    1.841(R)|      SLOW  |   -0.636(R)|      SLOW  |SYS_CLK_BUFGP     |   0.000|
------------+------------+------------+------------+------------+------------------+--------+

Clock SYS_CLK to Pad
------------+-----------------+------------+-----------------+------------+------------------+--------+
            |Max (slowest) clk|  Process   |Min (fastest) clk|  Process   |                  | Clock  |
Destination |  (edge) to PAD  |   Corner   |  (edge) to PAD  |   Corner   |Internal Clock(s) | Phase  |
------------+-----------------+------------+-----------------+------------+------------------+--------+
o_LED<0>    |         8.761(R)|      SLOW  |         4.984(R)|      FAST  |SYS_CLK_BUFGP     |   0.000|
o_LED<1>    |         8.787(R)|      SLOW  |         5.018(R)|      FAST  |SYS_CLK_BUFGP     |   0.000|
o_LED<2>    |         8.603(R)|      SLOW  |         4.904(R)|      FAST  |SYS_CLK_BUFGP     |   0.000|
o_LED<3>    |         8.603(R)|      SLOW  |         4.904(R)|      FAST  |SYS_CLK_BUFGP     |   0.000|
o_LED<4>    |         8.288(R)|      SLOW  |         4.628(R)|      FAST  |SYS_CLK_BUFGP     |   0.000|
o_LED<5>    |         8.288(R)|      SLOW  |         4.628(R)|      FAST  |SYS_CLK_BUFGP     |   0.000|
o_LED<6>    |         8.173(R)|      SLOW  |         4.592(R)|      FAST  |SYS_CLK_BUFGP     |   0.000|
o_LED<7>    |         8.173(R)|      SLOW  |         4.592(R)|      FAST  |SYS_CLK_BUFGP     |   0.000|
o_TX        |         8.477(R)|      SLOW  |         4.755(R)|      FAST  |SYS_CLK_BUFGP     |   0.000|
------------+-----------------+------------+-----------------+------------+------------------+--------+

Clock to Setup on destination clock SYS_CLK
---------------+---------+---------+---------+---------+
               | Src:Rise| Src:Fall| Src:Rise| Src:Fall|
Source Clock   |Dest:Rise|Dest:Rise|Dest:Fall|Dest:Fall|
---------------+---------+---------+---------+---------+
SYS_CLK        |    9.841|         |         |         |
---------------+---------+---------+---------+---------+


Analysis completed Mon Apr 16 13:06:18 2018 
--------------------------------------------------------------------------------

Trace Settings:
-------------------------
Trace Settings 

Peak Memory Usage: 302 MB



